basename: extra operand ‘.evtx’
Try 'basename --help' for more information.
basename: extra operand ‘Service.evtx’
Try 'basename --help' for more information.
basename: extra operand ‘.evtx’
Try 'basename --help' for more information.
basename: extra operand ‘.evtx’
Try 'basename --help' for more information.
basename: extra operand ‘API’
Try 'basename --help' for more information.
basename: extra operand ‘Registration%4Admin.evtx’
Try 'basename --help' for more information.
basename: extra operand ‘Service%4Operational.evtx’
Try 'basename --help' for more information.
basename: extra operand ‘.evtx’
Try 'basename --help' for more information.
basename: extra operand ‘.evtx’
Try 'basename --help' for more information.
basename: extra operand ‘With’
Try 'basename --help' for more information.
basename: extra operand ‘With’
Try 'basename --help' for more information.
basename: extra operand ‘With’
Try 'basename --help' for more information.
basename: extra operand ‘.evtx’
Try 'basename --help' for more information.
