dumped: Microsoft-Windows-DeviceManagement-Enterprise-Diagnostics-Provider%4Admin
dumped: Microsoft-Windows-TZSync%4Operational
dumped: Microsoft-Windows-Dhcpv6-Client%4Admin
dumped: Microsoft-Windows-TerminalServices-ServerUSBDevices%4Operational
dumped: Microsoft-Windows-CodeIntegrity%4Operational
dumped: Archive-Security-2020-11-06-03-40-39-950
dumped: Microsoft-Windows-SettingSync%4Debug
dumped: Microsoft-Windows-Known Folders API Service
dumped: Archive-Security-2020-11-12-18-03-19-616
dumped: Archive-Security-2020-11-03-04-57-52-333
dumped: Microsoft-Windows-Storage-Storport%4Operational
dumped: Microsoft-Windows-Crypto-NCrypt%4Operational
dumped: Microsoft-Windows-DeviceSetupManager%4Operational
dumped: Microsoft-Windows-TerminalServices-PnPDevices%4Operational
dumped: Microsoft-Windows-Wcmsvc%4Operational
dumped: Microsoft-Windows-Kernel-WHEA%4Operational
dumped: Archive-Security-2020-11-15-19-46-42-822
dumped: Microsoft-Windows-StateRepository%4Operational
dumped: Microsoft-Windows-RemoteDesktopServices-RdpCoreTS%4Operational
dumped: Microsoft-Windows-AppXDeploymentServer%4Operational
dumped: Microsoft-Windows-Windows Defender%4Operational
dumped: Archive-Security-2020-11-05-12-00-05-128
dumped: Microsoft-Windows-Audio%4PlaybackManager
dumped: Microsoft-Windows-UniversalTelemetryClient%4Operational
dumped: Microsoft-Windows-Storage-Storport%4Health
dumped: Microsoft-Windows-SMBClient%4Operational
dumped: Microsoft-Windows-PushNotification-Platform%4Operational
dumped: Microsoft-Windows-EapMethods-RasChap%4Operational
dumped: Archive-Security-2020-11-05-19-23-42-982
dumped: Microsoft-Windows-Provisioning-Diagnostics-Provider%4Admin
dumped: Archive-Security-2020-11-14-14-12-28-311
dumped: Microsoft-Windows-SMBServer%4Security
dumped: Microsoft-Windows-Biometrics%4Operational
dumped: Microsoft-Windows-Kernel-PnP%4Driver Watchdog
dumped: Archive-Security-2020-11-03-00-23-23-016
dumped: Microsoft-Windows-AppReadiness%4Admin
dumped: Microsoft-Windows-PackageStateRoaming%4Operational
dumped: Microsoft-Windows-Security-Mitigations%4UserMode
dumped: Microsoft-Windows-RemoteDesktopServices-RdpCoreTS%4Admin
dumped: Archive-Security-2020-11-03-08-18-10-071
dumped: Microsoft-Windows-NCSI%4Operational
dumped: Microsoft-Windows-Windows Firewall With Advanced Security%4FirewallDiagnostics
dumped: Microsoft-Windows-SMBServer%4Connectivity
dumped: Microsoft-Windows-MUI%4Admin
dumped: Archive-Security-2020-11-15-12-14-53-899
dumped: Microsoft-Windows-VolumeSnapshot-Driver%4Operational
dumped: Key Management Service
dumped: Microsoft-Windows-Provisioning-Diagnostics-Provider%4ManagementService
dumped: Microsoft-Windows-TerminalServices-RemoteConnectionManager%4Operational
dumped: Microsoft-Windows-NlaSvc%4Operational
dumped: Microsoft-Windows-HotspotAuth%4Operational
dumped: Archive-Security-2020-11-14-07-54-47-237
dumped: Microsoft-Windows-AppxPackaging%4Operational
dumped: Microsoft-Windows-FileHistory-Core%4WHC
dumped: Microsoft-Windows-DiskDiagnosticDataCollector%4Operational
dumped: Microsoft-Windows-Kernel-ShimEngine%4Operational
dumped: Microsoft-Windows-Privacy-Auditing%4Operational
dumped: Archive-Security-2020-11-15-16-23-32-630
dumped: Microsoft-Windows-Crypto-DPAPI%4BackUpKeySvc
dumped: Microsoft-Windows-RemoteDesktopServices-SessionServices%4Operational
dumped: Intel-GFX-Info%4System
dumped: Microsoft-Windows-Time-Service%4Operational
dumped: Microsoft-Windows-CoreSystem-SmsRouter-Events%4Operational
dumped: Microsoft-Windows-TCPIP%4Operational
dumped: Microsoft-Windows-Windows Firewall With Advanced Security%4Firewall
dumped: Microsoft-Windows-Storage-ClassPnP%4Operational
dumped: Microsoft-Windows-Application-Experience%4Program-Compatibility-Assistant
dumped: Microsoft-Windows-WPD-ClassInstaller%4Operational
dumped: Intel-GFX-Info%4Application
dumped: Microsoft-Windows-StorageSpaces-ManagementAgent%4WHC
dumped: Microsoft-Windows-WindowsBackup%4ActionCenter
dumped: Archive-Security-2020-11-05-22-23-14-728
dumped: Application
dumped: Microsoft-Windows-User Profile Service%4Operational
dumped: Microsoft-Windows-Security-Audit-Configuration-Client%4Operational
dumped: Microsoft-Windows-PowerShell%4Operational
dumped: Microsoft-Windows-Audio%4Operational
dumped: Microsoft-Windows-DeviceSetupManager%4Admin
dumped: Microsoft-Windows-Resource-Exhaustion-Resolver%4Operational
dumped: Microsoft-Windows-StorageSpaces-Driver%4Operational
dumped: Microsoft-Windows-Diagnosis-Scripted%4Operational
dumped: Microsoft-Windows-TerminalServices-LocalSessionManager%4Operational
dumped: Microsoft-Windows-Partition%4Diagnostic
dumped: Microsoft-Windows-UAC-FileVirtualization%4Operational
dumped: Microsoft-Windows-Diagnostics-Performance%4Operational
dumped: Archive-Security-2020-11-05-16-27-11-341
dumped: Microsoft-Windows-Provisioning-Diagnostics-Provider%4AutoPilot
dumped: HardwareEvents
dumped: Archive-Security-2020-11-14-00-34-38-448
dumped: Microsoft-Windows-HelloForBusiness%4Operational
dumped: Microsoft-Windows-Kernel-PnP%4Configuration
dumped: Microsoft-Windows-NetworkLocationWizard%4Operational
dumped: Microsoft-Windows-PowerShell%4Admin
dumped: Microsoft-Windows-Security-SPP-UX-Notifications%4ActionCenter
dumped: Microsoft-Windows-TerminalServices-RDPClient%4Operational
dumped: Microsoft-Windows-Kernel-LiveDump%4Operational
dumped: Microsoft-Windows-SettingSync-OneDrive%4Operational
dumped: Microsoft-Windows-Bits-Client%4Operational
dumped: Microsoft-Windows-Resource-Exhaustion-Detector%4Operational
dumped: Microsoft-Windows-Containers-BindFlt%4Operational
dumped: Microsoft-Windows-BackgroundTaskInfrastructure%4Operational
dumped: Microsoft-Windows-Kernel-Power%4Thermal-Operational
dumped: Microsoft-Windows-Storsvc%4Diagnostic
dumped: Microsoft-Windows-Program-Compatibility-Assistant%4CompatAfterUpgrade
dumped: Archive-Security-2020-11-03-06-40-07-917
dumped: Archive-Security-2020-11-02-21-27-43-914
dumped: Microsoft-Windows-AppModel-Runtime%4Admin
dumped: Microsoft-Windows-Dhcp-Client%4Admin
dumped: Archive-Security-2020-11-06-00-58-08-211
dumped: Microsoft-Windows-CertificateServicesClient-Lifecycle-User%4Operational
dumped: Archive-Security-2020-11-03-09-59-33-390
dumped: Internet Explorer
dumped: Microsoft-Windows-Ntfs%4WHC
dumped: Microsoft-Windows-TerminalServices-PnPDevices%4Admin
dumped: Microsoft-Windows-PrintService%4Admin
dumped: Microsoft-Windows-WebAuthN%4Operational
dumped: Microsoft-Windows-WFP%4Operational
dumped: Microsoft-Windows-WER-PayloadHealth%4Operational
dumped: Microsoft-Windows-Windows Firewall With Advanced Security%4ConnectionSecurity
dumped: Microsoft-Windows-WinINet-Config%4ProxyConfigChanged
dumped: System
dumped: Microsoft-Windows-AppXDeployment%4Operational
dumped: Microsoft-Windows-AppReadiness%4Operational
dumped: Microsoft-Windows-Resource-Leak-Diagnostic%4Operational
dumped: Microsoft-Windows-WMI-Activity%4Operational
dumped: Microsoft-Windows-SettingSync-Azure%4Debug
dumped: Archive-Security-2020-11-02-16-43-18-446
dumped: Microsoft-Windows-StateRepository%4Restricted
dumped: Microsoft-Windows-VPN%4Operational
dumped: Archive-Security-2020-11-15-03-14-49-203
dumped: Microsoft-Windows-ShellCommon-StartLayoutPopulation%4Operational
dumped: Microsoft-Windows-Security-Mitigations%4KernelMode
dumped: Microsoft-Windows-SettingSync-OneDrive%4Debug
dumped: Microsoft-Windows-NcdAutoSetup%4Operational
dumped: Microsoft-Windows-Store%4Operational
dumped: Microsoft-Windows-Kernel-Boot%4Operational
dumped: Microsoft-Windows-RestartManager%4Operational
dumped: Microsoft-WindowsPhone-Connectivity-WiFiConnSvc-Channel
dumped: Microsoft-Windows-DeviceManagement-Enterprise-Diagnostics-Provider%4Operational
dumped: Microsoft-Windows-Diagnosis-Scheduled%4Operational
dumped: Microsoft-Windows-Winlogon%4Operational
dumped: Microsoft-Windows-Audio%4CaptureMonitor
dumped: Microsoft-Windows-SmbClient%4Security
dumped: Microsoft-Windows-Diagnosis-Scripted%4Admin
dumped: Microsoft-Windows-SmbClient%4Connectivity
dumped: Microsoft-Windows-Kernel-StoreMgr%4Operational
dumped: Archive-Security-2020-11-06-15-10-42-358
dumped: Microsoft-Windows-Fault-Tolerant-Heap%4Operational
dumped: Microsoft-Client-Licensing-Platform%4Admin
dumped: Microsoft-Windows-WorkFolders%4WHC
dumped: Microsoft-Windows-PushNotification-Platform%4Admin
dumped: Microsoft-Windows-WinRM%4Operational
dumped: Microsoft-Windows-TerminalServices-LocalSessionManager%4Admin
dumped: Microsoft-Windows-Shell-Core%4Operational
dumped: Microsoft-Windows-Kernel-WHEA%4Errors
dumped: Archive-Security-2020-11-02-14-13-50-124
dumped: Microsoft-Windows-SmbClient%4Audit
dumped: Microsoft-Windows-Crypto-DPAPI%4Operational
dumped: Microsoft-Windows-Ntfs%4Operational
dumped: Microsoft-Windows-SMBServer%4Audit
dumped: Archive-Security-2020-11-07-12-24-26-722
dumped: Microsoft-Windows-TerminalServices-ServerUSBDevices%4Admin
dumped: Microsoft-Windows-LiveId%4Operational
dumped: Microsoft-Windows-Application-Experience%4Steps-Recorder
dumped: Archive-Security-2020-11-15-23-53-52-261
dumped: Microsoft-Windows-NetworkProfile%4Operational
dumped: Microsoft-Windows-Diagnosis-DPS%4Operational
dumped: Microsoft-Windows-UserPnp%4ActionCenter
dumped: Microsoft-Windows-SmartCard-DeviceEnum%4Operational
dumped: Archive-Security-2020-11-02-11-31-30-979
dumped: Microsoft-Windows-SettingSync%4Operational
dumped: Microsoft-Windows-Kernel-EventTracing%4Admin
dumped: IntelAudioServiceLog
dumped: Microsoft-Windows-Application-Experience%4Program-Compatibility-Troubleshooter
dumped: Microsoft-Windows-Shell-Core%4ActionCenter
dumped: Microsoft-Windows-LanguagePackSetup%4Operational
dumped: Microsoft-Windows-IKE%4Operational
dumped: Microsoft-Windows-StorageSpaces-Driver%4Diagnostic
dumped: OAlerts
dumped: Microsoft-Windows-SMBServer%4Operational
dumped: Archive-Security-2020-11-06-07-55-12-490
dumped: Microsoft-Windows-UserPnp%4DeviceInstall
dumped: Archive-Security-2020-11-03-12-12-12-207
dumped: Microsoft-Windows-Application-Experience%4Program-Inventory
dumped: Microsoft-Windows-Application-Experience%4Program-Telemetry
dumped: Microsoft-Windows-BitLocker%4BitLocker Management
dumped: Microsoft-Windows-GroupPolicy%4Operational
dumped: Microsoft-Windows-ReadyBoost%4Operational
dumped: Archive-Security-2020-11-02-08-28-14-656
dumped: Microsoft-Windows-AppXDeploymentServer%4Restricted
dumped: Microsoft-Windows-WindowsUpdateClient%4Operational
dumped: Microsoft-Windows-Security-LessPrivilegedAppContainer%4Operational
dumped: Microsoft-Windows-TerminalServices-RemoteConnectionManager%4Admin
dumped: Microsoft-Windows-TaskScheduler%4Maintenance
dumped: Microsoft-Windows-Shell-ConnectedAccountState%4ActionCenter
dumped: Microsoft-Windows-WLAN-AutoConfig%4Operational
dumped: Microsoft-Windows-Windows Defender%4WHC
dumped: Setup
dumped: Microsoft-Windows-CloudStore%4Operational
dumped: Microsoft-Windows-Shell-Core%4AppDefaults
dumped: Microsoft-Windows-SettingSync-Azure%4Operational
dumped: Microsoft-Windows-WindowsSystemAssessmentTool%4Operational
dumped: Archive-Security-2020-11-02-19-09-45-949
dumped: Microsoft-Windows-User Device Registration%4Admin
dumped: Microsoft-Windows-AAD%4Operational
dumped: Windows PowerShell
dumped: Archive-Security-2020-11-11-11-51-14-633
dumped: Archive-Security-2020-11-03-02-55-16-955
dumped: Microsoft-Windows-Containers-Wcifs%4Operational
dumped: Microsoft-Windows-Shell-Core%4LogonTasksChannel
dumped: Microsoft-Windows-TWinUI%4Operational
dumped: Security
dumped: Microsoft-Windows-MUI%4Operational
